=================================================== 
launching node again: Thu 11/01/2012 14:03:20.74 
Starting scripted.js... 
Registering a servlet for path: /ls
Creating servlet handler for function: getContents
Registering a servlet for path: /jsdepend/getContents
Creating servlet handler for function: getDependencies
Registering a servlet for path: /jsdepend/getDependencies
Creating servlet handler for function: getTransitiveDependencies
Registering a servlet for path: /jsdepend/getTransitiveDependencies
Creating servlet handler for function: getDGraph
Registering a servlet for path: /jsdepend/getDGraph
Creating servlet handler for function: findFileNamesContaining
Registering a servlet for path: /jsdepend/findFileNamesContaining
Creating servlet handler for function: getConf
Registering a servlet for path: /jsdepend/getConf
Registering a servlet for path: /exec
Registering a servlet for path: /kill
Registering a servlet for path: /get
Registering a servlet for path: /get2
Registering a servlet for path: /put
Registering a servlet for path: /fs_list
SockJS v0.3.1 bound to "/echo"
SockJS v0.3.1 bound to "/isearch"
SockJS v0.3.1 bound to "/ifsearch"
Server has started.
=================================================== 
launching node again: Thu 11/01/2012 14:06:38.98 
Starting scripted.js... 
Registering a servlet for path: /ls
Creating servlet handler for function: getContents
Registering a servlet for path: /jsdepend/getContents
Creating servlet handler for function: getDependencies
Registering a servlet for path: /jsdepend/getDependencies
Creating servlet handler for function: getTransitiveDependencies
Registering a servlet for path: /jsdepend/getTransitiveDependencies
Creating servlet handler for function: getDGraph
Registering a servlet for path: /jsdepend/getDGraph
Creating servlet handler for function: findFileNamesContaining
Registering a servlet for path: /jsdepend/findFileNamesContaining
Creating servlet handler for function: getConf
Registering a servlet for path: /jsdepend/getConf
Registering a servlet for path: /exec
Registering a servlet for path: /kill
Registering a servlet for path: /get
Registering a servlet for path: /get2
Registering a servlet for path: /put
Registering a servlet for path: /fs_list
SockJS v0.3.1 bound to "/echo"
SockJS v0.3.1 bound to "/isearch"
SockJS v0.3.1 bound to "/ifsearch"
Server has started.
=================================================== 
launching node again: Thu 11/01/2012 14:07:49.89 
Starting scripted.js... 
Registering a servlet for path: /ls
Creating servlet handler for function: getContents
Registering a servlet for path: /jsdepend/getContents
Creating servlet handler for function: getDependencies
Registering a servlet for path: /jsdepend/getDependencies
Creating servlet handler for function: getTransitiveDependencies
Registering a servlet for path: /jsdepend/getTransitiveDependencies
Creating servlet handler for function: getDGraph
Registering a servlet for path: /jsdepend/getDGraph
Creating servlet handler for function: findFileNamesContaining
Registering a servlet for path: /jsdepend/findFileNamesContaining
Creating servlet handler for function: getConf
Registering a servlet for path: /jsdepend/getConf
Registering a servlet for path: /exec
Registering a servlet for path: /kill
Registering a servlet for path: /get
Registering a servlet for path: /get2
Registering a servlet for path: /put
Registering a servlet for path: /fs_list
SockJS v0.3.1 bound to "/echo"
SockJS v0.3.1 bound to "/isearch"
SockJS v0.3.1 bound to "/ifsearch"
Server has started.
=================================================== 
launching node again: Thu 11/01/2012 14:08:03.15 
Starting scripted.js... 
Registering a servlet for path: /ls
Creating servlet handler for function: getContents
Registering a servlet for path: /jsdepend/getContents
Creating servlet handler for function: getDependencies
Registering a servlet for path: /jsdepend/getDependencies
Creating servlet handler for function: getTransitiveDependencies
Registering a servlet for path: /jsdepend/getTransitiveDependencies
Creating servlet handler for function: getDGraph
Registering a servlet for path: /jsdepend/getDGraph
Creating servlet handler for function: findFileNamesContaining
Registering a servlet for path: /jsdepend/findFileNamesContaining
Creating servlet handler for function: getConf
Registering a servlet for path: /jsdepend/getConf
Registering a servlet for path: /exec
Registering a servlet for path: /kill
Registering a servlet for path: /get
Registering a servlet for path: /get2
Registering a servlet for path: /put
Registering a servlet for path: /fs_list
SockJS v0.3.1 bound to "/echo"
SockJS v0.3.1 bound to "/isearch"
SockJS v0.3.1 bound to "/ifsearch"
Server has started.
=================================================== 
launching node again: Thu 11/01/2012 14:15:05.52 
Starting scripted.js... 
Registering a servlet for path: /ls
Creating servlet handler for function: getContents
Registering a servlet for path: /jsdepend/getContents
Creating servlet handler for function: getDependencies
Registering a servlet for path: /jsdepend/getDependencies
Creating servlet handler for function: getTransitiveDependencies
Registering a servlet for path: /jsdepend/getTransitiveDependencies
Creating servlet handler for function: getDGraph
Registering a servlet for path: /jsdepend/getDGraph
Creating servlet handler for function: findFileNamesContaining
Registering a servlet for path: /jsdepend/findFileNamesContaining
Creating servlet handler for function: getConf
Registering a servlet for path: /jsdepend/getConf
Registering a servlet for path: /exec
Registering a servlet for path: /kill
Registering a servlet for path: /get
Registering a servlet for path: /get2
Registering a servlet for path: /put
Registering a servlet for path: /fs_list
SockJS v0.3.1 bound to "/echo"
SockJS v0.3.1 bound to "/isearch"
SockJS v0.3.1 bound to "/ifsearch"
Server has started.
=================================================== 
launching node again: Thu 11/01/2012 14:36:39.88 
Starting scripted.js... 
Registering a servlet for path: /ls
Creating servlet handler for function: getContents
Registering a servlet for path: /jsdepend/getContents
Creating servlet handler for function: getDependencies
Registering a servlet for path: /jsdepend/getDependencies
Creating servlet handler for function: getTransitiveDependencies
Registering a servlet for path: /jsdepend/getTransitiveDependencies
Creating servlet handler for function: getDGraph
Registering a servlet for path: /jsdepend/getDGraph
Creating servlet handler for function: findFileNamesContaining
Registering a servlet for path: /jsdepend/findFileNamesContaining
Creating servlet handler for function: getConf
Registering a servlet for path: /jsdepend/getConf
Registering a servlet for path: /exec
Registering a servlet for path: /kill
Registering a servlet for path: /get
Registering a servlet for path: /get2
Registering a servlet for path: /put
Registering a servlet for path: /fs_list
SockJS v0.3.1 bound to "/echo"
SockJS v0.3.1 bound to "/isearch"
SockJS v0.3.1 bound to "/ifsearch"
Server has started.
=================================================== 
launching node again: Thu 11/01/2012 17:05:56.32 
Starting scripted.js... 
Registering a servlet for path: /ls
Creating servlet handler for function: getContents
Registering a servlet for path: /jsdepend/getContents
Creating servlet handler for function: getDependencies
Registering a servlet for path: /jsdepend/getDependencies
Creating servlet handler for function: getTransitiveDependencies
Registering a servlet for path: /jsdepend/getTransitiveDependencies
Creating servlet handler for function: getDGraph
Registering a servlet for path: /jsdepend/getDGraph
Creating servlet handler for function: findFileNamesContaining
Registering a servlet for path: /jsdepend/findFileNamesContaining
Creating servlet handler for function: getConf
Registering a servlet for path: /jsdepend/getConf
Registering a servlet for path: /exec
Registering a servlet for path: /kill
Registering a servlet for path: /get
Registering a servlet for path: /get2
Registering a servlet for path: /put
Registering a servlet for path: /fs_list
SockJS v0.3.1 bound to "/echo"
SockJS v0.3.1 bound to "/isearch"
SockJS v0.3.1 bound to "/ifsearch"
Server has started.
=================================================== 
launching node again: Thu 11/01/2012 17:23:36.32 
Starting scripted.js... 
Registering a servlet for path: /ls
Creating servlet handler for function: getContents
Registering a servlet for path: /jsdepend/getContents
Creating servlet handler for function: getDependencies
Registering a servlet for path: /jsdepend/getDependencies
Creating servlet handler for function: getTransitiveDependencies
Registering a servlet for path: /jsdepend/getTransitiveDependencies
Creating servlet handler for function: getDGraph
Registering a servlet for path: /jsdepend/getDGraph
Creating servlet handler for function: findFileNamesContaining
Registering a servlet for path: /jsdepend/findFileNamesContaining
Creating servlet handler for function: getConf
Registering a servlet for path: /jsdepend/getConf
Registering a servlet for path: /exec
Registering a servlet for path: /kill
Registering a servlet for path: /get
Registering a servlet for path: /get2
Registering a servlet for path: /put
Registering a servlet for path: /fs_list
SockJS v0.3.1 bound to "/echo"
SockJS v0.3.1 bound to "/isearch"
SockJS v0.3.1 bound to "/ifsearch"
Server has started.
=================================================== 
launching node again: Fri 11/02/2012 11:20:22.50 
Starting scripted.js... 
Registering a servlet for path: /ls
Creating servlet handler for function: getContents
Registering a servlet for path: /jsdepend/getContents
Creating servlet handler for function: getDependencies
Registering a servlet for path: /jsdepend/getDependencies
Creating servlet handler for function: getTransitiveDependencies
Registering a servlet for path: /jsdepend/getTransitiveDependencies
Creating servlet handler for function: getDGraph
Registering a servlet for path: /jsdepend/getDGraph
Creating servlet handler for function: findFileNamesContaining
Registering a servlet for path: /jsdepend/findFileNamesContaining
Creating servlet handler for function: getConf
Registering a servlet for path: /jsdepend/getConf
Registering a servlet for path: /exec
Registering a servlet for path: /kill
Registering a servlet for path: /get
Registering a servlet for path: /get2
Registering a servlet for path: /put
Registering a servlet for path: /fs_list
SockJS v0.3.1 bound to "/echo"
SockJS v0.3.1 bound to "/isearch"
SockJS v0.3.1 bound to "/ifsearch"
Server has started.
=================================================== 
launching node again: Fri 11/02/2012 11:20:46.40 
Starting scripted.js... 
Registering a servlet for path: /ls
Creating servlet handler for function: getContents
Registering a servlet for path: /jsdepend/getContents
Creating servlet handler for function: getDependencies
Registering a servlet for path: /jsdepend/getDependencies
Creating servlet handler for function: getTransitiveDependencies
Registering a servlet for path: /jsdepend/getTransitiveDependencies
Creating servlet handler for function: getDGraph
Registering a servlet for path: /jsdepend/getDGraph
Creating servlet handler for function: findFileNamesContaining
Registering a servlet for path: /jsdepend/findFileNamesContaining
Creating servlet handler for function: getConf
Registering a servlet for path: /jsdepend/getConf
Registering a servlet for path: /exec
Registering a servlet for path: /kill
Registering a servlet for path: /get
Registering a servlet for path: /get2
Registering a servlet for path: /put
Registering a servlet for path: /fs_list
SockJS v0.3.1 bound to "/echo"
SockJS v0.3.1 bound to "/isearch"
SockJS v0.3.1 bound to "/ifsearch"
Server has started.
=================================================== 
launching node again: Fri 11/02/2012 11:22:32.93 
Starting scripted.js... 
Registering a servlet for path: /ls
Creating servlet handler for function: getContents
Registering a servlet for path: /jsdepend/getContents
Creating servlet handler for function: getDependencies
Registering a servlet for path: /jsdepend/getDependencies
Creating servlet handler for function: getTransitiveDependencies
Registering a servlet for path: /jsdepend/getTransitiveDependencies
Creating servlet handler for function: getDGraph
Registering a servlet for path: /jsdepend/getDGraph
Creating servlet handler for function: findFileNamesContaining
Registering a servlet for path: /jsdepend/findFileNamesContaining
Creating servlet handler for function: getConf
Registering a servlet for path: /jsdepend/getConf
Registering a servlet for path: /exec
Registering a servlet for path: /kill
Registering a servlet for path: /get
Registering a servlet for path: /get2
Registering a servlet for path: /put
Registering a servlet for path: /fs_list
SockJS v0.3.1 bound to "/echo"
SockJS v0.3.1 bound to "/isearch"
SockJS v0.3.1 bound to "/ifsearch"
Server has started.
=================================================== 
launching node again: Fri 11/02/2012 11:22:56.47 
Starting scripted.js... 
Registering a servlet for path: /ls
Creating servlet handler for function: getContents
Registering a servlet for path: /jsdepend/getContents
Creating servlet handler for function: getDependencies
Registering a servlet for path: /jsdepend/getDependencies
Creating servlet handler for function: getTransitiveDependencies
Registering a servlet for path: /jsdepend/getTransitiveDependencies
Creating servlet handler for function: getDGraph
Registering a servlet for path: /jsdepend/getDGraph
Creating servlet handler for function: findFileNamesContaining
Registering a servlet for path: /jsdepend/findFileNamesContaining
Creating servlet handler for function: getConf
Registering a servlet for path: /jsdepend/getConf
Registering a servlet for path: /exec
Registering a servlet for path: /kill
Registering a servlet for path: /get
Registering a servlet for path: /get2
Registering a servlet for path: /put
Registering a servlet for path: /fs_list
SockJS v0.3.1 bound to "/echo"
SockJS v0.3.1 bound to "/isearch"
SockJS v0.3.1 bound to "/ifsearch"
Server has started.
=================================================== 
launching node again: Fri 11/02/2012 11:23:09.98 
Starting scripted.js... 
Registering a servlet for path: /ls
Creating servlet handler for function: getContents
Registering a servlet for path: /jsdepend/getContents
Creating servlet handler for function: getDependencies
Registering a servlet for path: /jsdepend/getDependencies
Creating servlet handler for function: getTransitiveDependencies
Registering a servlet for path: /jsdepend/getTransitiveDependencies
Creating servlet handler for function: getDGraph
Registering a servlet for path: /jsdepend/getDGraph
Creating servlet handler for function: findFileNamesContaining
Registering a servlet for path: /jsdepend/findFileNamesContaining
Creating servlet handler for function: getConf
Registering a servlet for path: /jsdepend/getConf
Registering a servlet for path: /exec
Registering a servlet for path: /kill
Registering a servlet for path: /get
Registering a servlet for path: /get2
Registering a servlet for path: /put
Registering a servlet for path: /fs_list
SockJS v0.3.1 bound to "/echo"
SockJS v0.3.1 bound to "/isearch"
SockJS v0.3.1 bound to "/ifsearch"
Server has started.
=================================================== 
launching node again: Fri 11/02/2012 11:45:42.10 
Starting scripted.js... 
Registering a servlet for path: /ls
Creating servlet handler for function: getContents
Registering a servlet for path: /jsdepend/getContents
Creating servlet handler for function: getDependencies
Registering a servlet for path: /jsdepend/getDependencies
Creating servlet handler for function: getTransitiveDependencies
Registering a servlet for path: /jsdepend/getTransitiveDependencies
Creating servlet handler for function: getDGraph
Registering a servlet for path: /jsdepend/getDGraph
Creating servlet handler for function: findFileNamesContaining
Registering a servlet for path: /jsdepend/findFileNamesContaining
Creating servlet handler for function: getConf
Registering a servlet for path: /jsdepend/getConf
Registering a servlet for path: /exec
Registering a servlet for path: /kill
Registering a servlet for path: /get
Registering a servlet for path: /get2
Registering a servlet for path: /put
Registering a servlet for path: /fs_list
SockJS v0.3.1 bound to "/echo"
SockJS v0.3.1 bound to "/isearch"
SockJS v0.3.1 bound to "/ifsearch"
Server has started.
